"w"				"+forward"
"UPARROW"		"+forward"
"s"				"+back"
"DOWNARROW"		"+back"
"LEFTARROW"		"+left"
"RIGHTARROW"	"+right"
"a"				"+moveleft"
","				"+moveleft"
"d"				"+moveright"
"."				"+moveright"
"SPACE"			"+jump"
"CTRL"			"+duck"
"TAB"			"+showscores"
"e"				"+use"
"v"				"+moveup"
"'"				"+moveup"
"c"				"impulse 50"
"/"				"+movedown"
"PGUP"			"+lookup"
"PGDN"			"+lookdown"
"END"			"centerview"
"z"				"+strafe"
"INS"			"+klook"
";"				"+mlook"
"r"				"+reload"
"ALT"			"+walk"
"SHIFT"			"+speed"
"MOUSE1"		"+attack"
"ENTER"			"+attack"
"MOUSE2"		"+attack2"
"\\"			"+attack2"
"MOUSE3"		"+attack3"
"f"				"impulse 100"
"1"				"camera_slot 0"
"2"				"camera_slot 1"
"3"				"camera_slot 2"
"MWHEELUP"		"camera_scale 1"
"MWHEELDOWN"	"camera_scale 0"
"F5"			"jpeg"
"F6"			"save quick"
"F7"			"load quick"
"F9"			"vr_toggle"
"F10"			"quit prompt"
"PAUSE"			"pause"
"ESCAPE"		"escape"
"~"				"toggleconsole"
"`"				"toggleconsole"
"+"				"sizeup"
"="				"sizeup"
"-"				"sizedown"
"t"				"impulse 201"
"y"				"messagemode"
"u"				"messagemode2"
"g"				"dropprimary"
"z"				"+zoom"